<?xml version="1.0" encoding="UTF-8"?>
<!-- Generated by org.testng.reporters.JUnitReportReporter -->
<testsuite skipped="0" hostname="SATHEZ-PC" name="testNG.Grouping" tests="6" failures="0" timestamp="22 Jul 2020 19:04:25 GMT" time="0.042" errors="0">
  <testcase name="apple3" time="0.004" classname="testNG.Grouping"/>
  <testcase name="apple1" time="0.021" classname="testNG.Grouping"/>
  <testcase name="moto1" time="0.005" classname="testNG.Grouping"/>
  <testcase name="moto2" time="0.002" classname="testNG.Grouping"/>
  <testcase name="moto3" time="0.004" classname="testNG.Grouping"/>
  <testcase name="apple2" time="0.006" classname="testNG.Grouping"/>
</testsuite> <!-- testNG.Grouping -->
